D:\VISUAL STUDIO\CONSOLEAPPLICATION28\X64\DEBUG\CONSOLEAPPLICATION28.PCH
D:\VISUAL STUDIO\CONSOLEAPPLICATION28\X64\DEBUG\STDAFX.OBJ
D:\VISUAL STUDIO\CONSOLEAPPLICATION28\X64\DEBUG\VC110.PDB
D:\VISUAL STUDIO\CONSOLEAPPLICATION28\X64\DEBUG\CONSOLEAPPLICATION28.OBJ
D:\VISUAL STUDIO\CONSOLEAPPLICATION28\X64\DEBUG\CONSOLEAPPLICATION28.EXE
D:\VISUAL STUDIO\CONSOLEAPPLICATION28\X64\DEBUG\CONSOLEAPPLICATION28.PDB
D:\Visual Studio\ConsoleApplication28\x64\Debug\ConsoleApplication28.obj
D:\Visual Studio\ConsoleApplication28\x64\Debug\stdafx.obj
D:\Visual Studio\ConsoleApplication28\x64\Debug\cl.command.1.tlog
D:\Visual Studio\ConsoleApplication28\x64\Debug\CL.read.1.tlog
D:\Visual Studio\ConsoleApplication28\x64\Debug\CL.write.1.tlog
D:\Visual Studio\ConsoleApplication28\x64\Debug\link-cvtres.read.1.tlog
D:\Visual Studio\ConsoleApplication28\x64\Debug\link-cvtres.write.1.tlog
D:\Visual Studio\ConsoleApplication28\x64\Debug\link-rc.read.1.tlog
D:\Visual Studio\ConsoleApplication28\x64\Debug\link-rc.write.1.tlog
D:\Visual Studio\ConsoleApplication28\x64\Debug\link.command.1.tlog
D:\Visual Studio\ConsoleApplication28\x64\Debug\link.read.1.tlog
D:\Visual Studio\ConsoleApplication28\x64\Debug\link.write.1.tlog
D:\Visual Studio\ConsoleApplication28\x64\Debug\ConsoleApplication28.pch
D:\Visual Studio\ConsoleApplication28\x64\Debug\vc110.idb
D:\Visual Studio\ConsoleApplication28\x64\Debug\ConsoleApplication28.pdb
D:\Visual Studio\ConsoleApplication28\x64\Debug\vc110.pdb
D:\Visual Studio\ConsoleApplication28\x64\Debug\ConsoleApplication28.exe
